Traceback (most recent call last):
  File "C:\Users\great\AppData\Local\Programs\Python\Python311\Lib\site-packages\jupyter_cache\executors\utils.py", line 58, in single_nb_execution
    executenb(
  File "C:\Users\great\AppData\Local\Programs\Python\Python311\Lib\site-packages\nbclient\client.py", line 1305, in execute
    return NotebookClient(nb=nb, resources=resources, km=km, **kwargs).execute()
           ^^^^^^^^^^^^^^^^^^^^^^^^^^^^^^^^^^^^^^^^^^^^^^^^^^^^^^^^^^^^^^^^^^^^^
  File "C:\Users\great\AppData\Local\Programs\Python\Python311\Lib\site-packages\jupyter_core\utils\__init__.py", line 166, in wrapped
    return loop.run_until_complete(inner)
           ^^^^^^^^^^^^^^^^^^^^^^^^^^^^^^
  File "C:\Users\great\AppData\Local\Programs\Python\Python311\Lib\asyncio\base_events.py", line 653, in run_until_complete
    return future.result()
           ^^^^^^^^^^^^^^^
  File "C:\Users\great\AppData\Local\Programs\Python\Python311\Lib\site-packages\nbclient\client.py", line 705, in async_execute
    await self.async_execute_cell(
  File "C:\Users\great\AppData\Local\Programs\Python\Python311\Lib\site-packages\nbclient\client.py", line 1058, in async_execute_cell
    await self._check_raise_for_error(cell, cell_index, exec_reply)
  File "C:\Users\great\AppData\Local\Programs\Python\Python311\Lib\site-packages\nbclient\client.py", line 914, in _check_raise_for_error
    raise CellExecutionError.from_cell_and_msg(cell, exec_reply_content)
nbclient.exceptions.CellExecutionError: An error occurred while executing the following cell:
------------------
# NO CODE
show_intersection()
------------------


[1;31m---------------------------------------------------------------------------[0m
[1;31mIndexError[0m                                Traceback (most recent call last)
Cell [1;32mIn[4], line 2[0m
[0;32m      1[0m [38;5;66;03m# NO CODE[39;00m
[1;32m----> 2[0m [43mshow_intersection[49m[43m([49m[43m)[49m

Cell [1;32mIn[3], line 15[0m, in [0;36mshow_intersection[1;34m()[0m
[0;32m     13[0m [38;5;66;03m# use descartes to create the matplotlib patches[39;00m
[0;32m     14[0m ax [38;5;241m=[39m plt[38;5;241m.[39msubplot([38;5;241m121[39m)
[1;32m---> 15[0m ax[38;5;241m.[39madd_patch([43mdescartes[49m[38;5;241;43m.[39;49m[43mPolygonPatch[49m[43m([49m[43mleft[49m[43m,[49m[43m [49m[43mfc[49m[38;5;241;43m=[39;49m[38;5;124;43m'[39;49m[38;5;124;43mdarkblue[39;49m[38;5;124;43m'[39;49m[43m,[49m[43m [49m[43mec[49m[38;5;241;43m=[39;49m[38;5;124;43m'[39;49m[38;5;124;43mk[39;49m[38;5;124;43m'[39;49m[43m,[49m[43m [49m[43malpha[49m[38;5;241;43m=[39;49m[38;5;241;43m0.8[39;49m[43m)[49m)
[0;32m     16[0m ax[38;5;241m.[39madd_patch(descartes[38;5;241m.[39mPolygonPatch(right, fc[38;5;241m=[39m[38;5;124m'[39m[38;5;124mgold[39m[38;5;124m'[39m, ec[38;5;241m=[39m[38;5;124m'[39m[38;5;124mk[39m[38;5;124m'[39m, alpha[38;5;241m=[39m[38;5;241m0.6[39m))
[0;32m     17[0m ax[38;5;241m.[39madd_patch(descartes[38;5;241m.[39mPolygonPatch(middle, fc[38;5;241m=[39m[38;5;124m'[39m[38;5;124molive[39m[38;5;124m'[39m, ec[38;5;241m=[39m[38;5;124m'[39m[38;5;124mk[39m[38;5;124m'[39m, alpha[38;5;241m=[39m[38;5;241m0.8[39m))

File [1;32m~\AppData\Local\Programs\Python\Python311\Lib\site-packages\descartes\patch.py:87[0m, in [0;36mPolygonPatch[1;34m(polygon, **kwargs)[0m
[0;32m     73[0m [38;5;28;01mdef[39;00m [38;5;21mPolygonPatch[39m(polygon, [38;5;241m*[39m[38;5;241m*[39mkwargs):
[0;32m     74[0m [38;5;250m    [39m[38;5;124;03m"""Constructs a matplotlib patch from a geometric object[39;00m
[0;32m     75[0m 
[0;32m     76[0m [38;5;124;03m    The `polygon` may be a Shapely or GeoJSON-like object with or without holes.[39;00m
[1;32m   (...)[0m
[0;32m     85[0m 
[0;32m     86[0m [38;5;124;03m    """[39;00m
[1;32m---> 87[0m     [38;5;28;01mreturn[39;00m PathPatch([43mPolygonPath[49m[43m([49m[43mpolygon[49m[43m)[49m, [38;5;241m*[39m[38;5;241m*[39mkwargs)

File [1;32m~\AppData\Local\Programs\Python\Python311\Lib\site-packages\descartes\patch.py:62[0m, in [0;36mPolygonPath[1;34m(polygon)[0m
[0;32m     58[0m     [38;5;28;01melse[39;00m:
[0;32m     59[0m         [38;5;28;01mraise[39;00m [38;5;167;01mValueError[39;00m(
[0;32m     60[0m             [38;5;124m"[39m[38;5;124mA polygon or multi-polygon representation is required[39m[38;5;124m"[39m)
[1;32m---> 62[0m vertices [38;5;241m=[39m concatenate([43m[[49m
[0;32m     63[0m [43m    [49m[43mconcatenate[49m[43m([49m[43m[[49m[43masarray[49m[43m([49m[43mt[49m[38;5;241;43m.[39;49m[43mexterior[49m[43m)[49m[43m[[49m[43m:[49m[43m,[49m[43m [49m[43m:[49m[38;5;241;43m2[39;49m[43m][49m[43m][49m[43m [49m[38;5;241;43m+[39;49m
[0;32m     64[0m [43m                [49m[43m[[49m[43masarray[49m[43m([49m[43mr[49m[43m)[49m[43m[[49m[43m:[49m[43m,[49m[43m [49m[43m:[49m[38;5;241;43m2[39;49m[43m][49m[43m [49m[38;5;28;43;01mfor[39;49;00m[43m [49m[43mr[49m[43m [49m[38;5;129;43;01min[39;49;00m[43m [49m[43mt[49m[38;5;241;43m.[39;49m[43minteriors[49m[43m][49m[43m)[49m
[0;32m     65[0m [43m    [49m[38;5;28;43;01mfor[39;49;00m[43m [49m[43mt[49m[43m [49m[38;5;129;43;01min[39;49;00m[43m [49m[43mpolygon[49m[43m][49m)
[0;32m     66[0m codes [38;5;241m=[39m concatenate([
[0;32m     67[0m     concatenate([coding(t[38;5;241m.[39mexterior)] [38;5;241m+[39m
[0;32m     68[0m                 [coding(r) [38;5;28;01mfor[39;00m r [38;5;129;01min[39;00m t[38;5;241m.[39minteriors]) [38;5;28;01mfor[39;00m t [38;5;129;01min[39;00m polygon])
[0;32m     70[0m [38;5;28;01mreturn[39;00m Path(vertices, codes)

File [1;32m~\AppData\Local\Programs\Python\Python311\Lib\site-packages\descartes\patch.py:63[0m, in [0;36m<listcomp>[1;34m(.0)[0m
[0;32m     58[0m     [38;5;28;01melse[39;00m:
[0;32m     59[0m         [38;5;28;01mraise[39;00m [38;5;167;01mValueError[39;00m(
[0;32m     60[0m             [38;5;124m"[39m[38;5;124mA polygon or multi-polygon representation is required[39m[38;5;124m"[39m)
[0;32m     62[0m vertices [38;5;241m=[39m concatenate([
[1;32m---> 63[0m     concatenate([[43masarray[49m[43m([49m[43mt[49m[38;5;241;43m.[39;49m[43mexterior[49m[43m)[49m[43m[[49m[43m:[49m[43m,[49m[43m [49m[43m:[49m[38;5;241;43m2[39;49m[43m][49m] [38;5;241m+[39m
[0;32m     64[0m                 [asarray(r)[:, :[38;5;241m2[39m] [38;5;28;01mfor[39;00m r [38;5;129;01min[39;00m t[38;5;241m.[39minteriors])
[0;32m     65[0m     [38;5;28;01mfor[39;00m t [38;5;129;01min[39;00m polygon])
[0;32m     66[0m codes [38;5;241m=[39m concatenate([
[0;32m     67[0m     concatenate([coding(t[38;5;241m.[39mexterior)] [38;5;241m+[39m
[0;32m     68[0m                 [coding(r) [38;5;28;01mfor[39;00m r [38;5;129;01min[39;00m t[38;5;241m.[39minteriors]) [38;5;28;01mfor[39;00m t [38;5;129;01min[39;00m polygon])
[0;32m     70[0m [38;5;28;01mreturn[39;00m Path(vertices, codes)

[1;31mIndexError[0m: too many indices for array: array is 0-dimensional, but 2 were indexed

